2023-05-10 00:01:55.132  INFO 39997 --- [restartedMain] com.musala.drone.DroneApplication        : Starting DroneApplication using Java 1.8.0_202 on macbook.local with PID 39997 (/Users/tawonadzapasi/Desktop/drone/target/classes started by tawonadzapasi in /Users/tawonadzapasi/Desktop/drone)
2023-05-10 00:01:55.134  INFO 39997 --- [restartedMain] com.musala.drone.DroneApplication        : The following 1 profile is active: "live1"
2023-05-10 00:01:55.179  INFO 39997 --- [restartedMain] .e.DevToolsPropertyDefaultsPostProcessor : Devtools property defaults active! Set 'spring.devtools.add-properties' to 'false' to disable
2023-05-10 00:01:55.179  INFO 39997 --- [restartedMain] .e.DevToolsPropertyDefaultsPostProcessor : For additional web related logging consider setting the 'logging.level.web' property to 'DEBUG'
2023-05-10 00:01:55.938  INFO 39997 --- [restartedMain] .s.d.r.c.RepositoryConfigurationDelegate : Bootstrapping Spring Data JPA repositories in DEFAULT mode.
2023-05-10 00:01:55.998  INFO 39997 --- [restartedMain] .s.d.r.c.RepositoryConfigurationDelegate : Finished Spring Data repository scanning in 49 ms. Found 3 JPA repository interfaces.
2023-05-10 00:01:56.686  INFO 39997 --- [restartedMain] o.s.b.w.embedded.tomcat.TomcatWebServer  : Tomcat initialized with port(s): 8080 (http)
2023-05-10 00:01:56.697  INFO 39997 --- [restartedMain] o.apache.catalina.core.StandardService   : Starting service [Tomcat]
2023-05-10 00:01:56.697  INFO 39997 --- [restartedMain] org.apache.catalina.core.StandardEngine  : Starting Servlet engine: [Apache Tomcat/9.0.74]
2023-05-10 00:01:56.760  INFO 39997 --- [restartedMain] o.a.c.c.C.[Tomcat].[localhost].[/]       : Initializing Spring embedded WebApplicationContext
2023-05-10 00:01:56.760  INFO 39997 --- [restartedMain] w.s.c.ServletWebServerApplicationContext : Root WebApplicationContext: initialization completed in 1581 ms
2023-05-10 00:01:56.792  INFO 39997 --- [restartedMain] com.zaxxer.hikari.HikariDataSource       : HikariPool-1 - Starting...
2023-05-10 00:01:57.023  INFO 39997 --- [restartedMain] com.zaxxer.hikari.HikariDataSource       : HikariPool-1 - Start completed.
2023-05-10 00:01:57.036  INFO 39997 --- [restartedMain] o.s.b.a.h2.H2ConsoleAutoConfiguration    : H2 console available at '/h2-console'. Database available at 'jdbc:h2:mem:dronedb'
2023-05-10 00:01:57.244  INFO 39997 --- [restartedMain] o.hibernate.jpa.internal.util.LogHelper  : HHH000204: Processing PersistenceUnitInfo [name: default]
2023-05-10 00:01:57.330  INFO 39997 --- [restartedMain] org.hibernate.Version                    : HHH000412: Hibernate ORM core version 5.6.15.Final
2023-05-10 00:01:57.624  INFO 39997 --- [restartedMain] o.hibernate.annotations.common.Version   : HCANN000001: Hibernate Commons Annotations {5.1.2.Final}
2023-05-10 00:01:57.784  INFO 39997 --- [restartedMain] org.hibernate.dialect.Dialect            : HHH000400: Using dialect: org.hibernate.dialect.H2Dialect
2023-05-10 00:01:58.681  INFO 39997 --- [restartedMain] o.h.e.t.j.p.i.JtaPlatformInitiator       : HHH000490: Using JtaPlatform implementation: [org.hibernate.engine.transaction.jta.platform.internal.NoJtaPlatform]
2023-05-10 00:01:58.690  INFO 39997 --- [restartedMain] j.LocalContainerEntityManagerFactoryBean : Initialized JPA EntityManagerFactory for persistence unit 'default'
2023-05-10 00:01:59.387  WARN 39997 --- [restartedMain] JpaBaseConfiguration$JpaWebConfiguration : spring.jpa.open-in-view is enabled by default. Therefore, database queries may be performed during view rendering. Explicitly configure spring.jpa.open-in-view to disable this warning
2023-05-10 00:01:59.583  INFO 39997 --- [restartedMain] pertySourcedRequestMappingHandlerMapping : Mapped URL path [/v2/api-docs] onto method [springfox.documentation.swagger2.web.Swagger2Controller#getDocumentation(String, HttpServletRequest)]
2023-05-10 00:01:59.756  INFO 39997 --- [restartedMain] o.s.b.d.a.OptionalLiveReloadServer       : LiveReload server is running on port 35729
2023-05-10 00:02:00.006  INFO 39997 --- [restartedMain] o.s.b.w.embedded.tomcat.TomcatWebServer  : Tomcat started on port(s): 8080 (http) with context path ''
2023-05-10 00:02:00.008  INFO 39997 --- [restartedMain] d.s.w.p.DocumentationPluginsBootstrapper : Context refreshed
2023-05-10 00:02:00.031  INFO 39997 --- [restartedMain] d.s.w.p.DocumentationPluginsBootstrapper : Found 1 custom documentation plugin(s)
2023-05-10 00:02:00.054  INFO 39997 --- [restartedMain] s.d.s.w.s.ApiListingReferenceScanner     : Scanning for api listing references
2023-05-10 00:02:00.247  INFO 39997 --- [restartedMain] com.musala.drone.DroneApplication        : Started DroneApplication in 5.67 seconds (JVM running for 6.117)
2023-05-10 00:10:39.728  INFO 39997 --- [SpringApplicationShutdownHook] j.LocalContainerEntityManagerFactoryBean : Closing JPA EntityManagerFactory for persistence unit 'default'
2023-05-10 00:10:40.117  WARN 39997 --- [SpringApplicationShutdownHook] o.s.b.f.support.DisposableBeanAdapter    : Invocation of destroy method failed on bean with name 'inMemoryDatabaseShutdownExecutor': org.h2.jdbc.JdbcSQLNonTransientConnectionException: Database is already closed (to disable automatic closing at VM shutdown, add ";DB_CLOSE_ON_EXIT=FALSE" to the db URL) [90121-214]
2023-05-10 00:10:40.118  INFO 39997 --- [SpringApplicationShutdownHook] com.zaxxer.hikari.HikariDataSource       : HikariPool-1 - Shutdown initiated...
2023-05-10 00:10:40.173  INFO 39997 --- [SpringApplicationShutdownHook] com.zaxxer.hikari.HikariDataSource       : HikariPool-1 - Shutdown completed.
2023-05-10 00:10:43.653  INFO 40109 --- [restartedMain] com.musala.drone.DroneApplication        : Starting DroneApplication using Java 1.8.0_202 on macbook.local with PID 40109 (/Users/tawonadzapasi/Desktop/drone/target/classes started by tawonadzapasi in /Users/tawonadzapasi/Desktop/drone)
2023-05-10 00:10:43.655  INFO 40109 --- [restartedMain] com.musala.drone.DroneApplication        : The following 1 profile is active: "live1"
2023-05-10 00:10:43.700  INFO 40109 --- [restartedMain] .e.DevToolsPropertyDefaultsPostProcessor : Devtools property defaults active! Set 'spring.devtools.add-properties' to 'false' to disable
2023-05-10 00:10:43.700  INFO 40109 --- [restartedMain] .e.DevToolsPropertyDefaultsPostProcessor : For additional web related logging consider setting the 'logging.level.web' property to 'DEBUG'
2023-05-10 00:10:44.437  INFO 40109 --- [restartedMain] .s.d.r.c.RepositoryConfigurationDelegate : Bootstrapping Spring Data JPA repositories in DEFAULT mode.
2023-05-10 00:10:44.507  INFO 40109 --- [restartedMain] .s.d.r.c.RepositoryConfigurationDelegate : Finished Spring Data repository scanning in 57 ms. Found 3 JPA repository interfaces.
2023-05-10 00:10:45.282  INFO 40109 --- [restartedMain] o.s.b.w.embedded.tomcat.TomcatWebServer  : Tomcat initialized with port(s): 8080 (http)
2023-05-10 00:10:45.293  INFO 40109 --- [restartedMain] o.apache.catalina.core.StandardService   : Starting service [Tomcat]
2023-05-10 00:10:45.293  INFO 40109 --- [restartedMain] org.apache.catalina.core.StandardEngine  : Starting Servlet engine: [Apache Tomcat/9.0.74]
2023-05-10 00:10:45.364  INFO 40109 --- [restartedMain] o.a.c.c.C.[Tomcat].[localhost].[/]       : Initializing Spring embedded WebApplicationContext
2023-05-10 00:10:45.365  INFO 40109 --- [restartedMain] w.s.c.ServletWebServerApplicationContext : Root WebApplicationContext: initialization completed in 1664 ms
2023-05-10 00:10:45.413  INFO 40109 --- [restartedMain] com.zaxxer.hikari.HikariDataSource       : HikariPool-1 - Starting...
2023-05-10 00:10:45.780  INFO 40109 --- [restartedMain] com.zaxxer.hikari.HikariDataSource       : HikariPool-1 - Start completed.
2023-05-10 00:10:45.798  INFO 40109 --- [restartedMain] o.s.b.a.h2.H2ConsoleAutoConfiguration    : H2 console available at '/h2-console'. Database available at 'jdbc:h2:mem:dronedb'
2023-05-10 00:10:46.008  INFO 40109 --- [restartedMain] o.hibernate.jpa.internal.util.LogHelper  : HHH000204: Processing PersistenceUnitInfo [name: default]
2023-05-10 00:10:46.083  INFO 40109 --- [restartedMain] org.hibernate.Version                    : HHH000412: Hibernate ORM core version 5.6.15.Final
2023-05-10 00:10:46.313  INFO 40109 --- [restartedMain] o.hibernate.annotations.common.Version   : HCANN000001: Hibernate Commons Annotations {5.1.2.Final}
2023-05-10 00:10:46.460  INFO 40109 --- [restartedMain] org.hibernate.dialect.Dialect            : HHH000400: Using dialect: org.hibernate.dialect.H2Dialect
2023-05-10 00:10:47.216  INFO 40109 --- [restartedMain] o.h.e.t.j.p.i.JtaPlatformInitiator       : HHH000490: Using JtaPlatform implementation: [org.hibernate.engine.transaction.jta.platform.internal.NoJtaPlatform]
2023-05-10 00:10:47.226  INFO 40109 --- [restartedMain] j.LocalContainerEntityManagerFactoryBean : Initialized JPA EntityManagerFactory for persistence unit 'default'
2023-05-10 00:10:47.959  WARN 40109 --- [restartedMain] JpaBaseConfiguration$JpaWebConfiguration : spring.jpa.open-in-view is enabled by default. Therefore, database queries may be performed during view rendering. Explicitly configure spring.jpa.open-in-view to disable this warning
2023-05-10 00:10:48.152  INFO 40109 --- [restartedMain] pertySourcedRequestMappingHandlerMapping : Mapped URL path [/v2/api-docs] onto method [springfox.documentation.swagger2.web.Swagger2Controller#getDocumentation(String, HttpServletRequest)]
2023-05-10 00:10:48.335  INFO 40109 --- [restartedMain] o.s.b.d.a.OptionalLiveReloadServer       : LiveReload server is running on port 35729
2023-05-10 00:10:48.582  INFO 40109 --- [restartedMain] o.s.b.w.embedded.tomcat.TomcatWebServer  : Tomcat started on port(s): 8080 (http) with context path ''
2023-05-10 00:10:48.583  INFO 40109 --- [restartedMain] d.s.w.p.DocumentationPluginsBootstrapper : Context refreshed
2023-05-10 00:10:48.606  INFO 40109 --- [restartedMain] d.s.w.p.DocumentationPluginsBootstrapper : Found 1 custom documentation plugin(s)
2023-05-10 00:10:48.629  INFO 40109 --- [restartedMain] s.d.s.w.s.ApiListingReferenceScanner     : Scanning for api listing references
2023-05-10 00:10:48.802 ERROR 40109 --- [scheduling-1] gConfig$$EnhancerBySpringCGLIB$$29c2dad2 : Authentication Error: wooow
2023-05-10 00:10:48.805  INFO 40109 --- [restartedMain] com.musala.drone.DroneApplication        : Started DroneApplication in 5.62 seconds (JVM running for 6.066)
2023-05-10 00:10:58.805 ERROR 40109 --- [scheduling-1] gConfig$$EnhancerBySpringCGLIB$$29c2dad2 : Authentication Error: wooow
2023-05-10 00:11:08.810 ERROR 40109 --- [scheduling-1] gConfig$$EnhancerBySpringCGLIB$$29c2dad2 : Authentication Error: wooow
2023-05-10 00:11:18.811 ERROR 40109 --- [scheduling-1] gConfig$$EnhancerBySpringCGLIB$$29c2dad2 : Authentication Error: wooow
2023-05-10 00:11:28.812 ERROR 40109 --- [scheduling-1] gConfig$$EnhancerBySpringCGLIB$$29c2dad2 : Authentication Error: wooow
2023-05-10 00:11:38.818 ERROR 40109 --- [scheduling-1] gConfig$$EnhancerBySpringCGLIB$$29c2dad2 : Authentication Error: wooow
2023-05-10 00:11:48.822 ERROR 40109 --- [scheduling-1] gConfig$$EnhancerBySpringCGLIB$$29c2dad2 : Authentication Error: wooow
2023-05-10 00:11:58.826 ERROR 40109 --- [scheduling-1] gConfig$$EnhancerBySpringCGLIB$$29c2dad2 : Authentication Error: wooow
2023-05-10 00:12:08.828 ERROR 40109 --- [scheduling-1] gConfig$$EnhancerBySpringCGLIB$$29c2dad2 : Authentication Error: wooow
2023-05-10 00:12:13.145  INFO 40109 --- [SpringApplicationShutdownHook] j.LocalContainerEntityManagerFactoryBean : Closing JPA EntityManagerFactory for persistence unit 'default'
2023-05-10 00:12:13.519  WARN 40109 --- [SpringApplicationShutdownHook] o.s.b.f.support.DisposableBeanAdapter    : Invocation of destroy method failed on bean with name 'inMemoryDatabaseShutdownExecutor': org.h2.jdbc.JdbcSQLNonTransientConnectionException: Database is already closed (to disable automatic closing at VM shutdown, add ";DB_CLOSE_ON_EXIT=FALSE" to the db URL) [90121-214]
2023-05-10 00:12:13.520  INFO 40109 --- [SpringApplicationShutdownHook] com.zaxxer.hikari.HikariDataSource       : HikariPool-1 - Shutdown initiated...
2023-05-10 00:12:13.570  INFO 40109 --- [SpringApplicationShutdownHook] com.zaxxer.hikari.HikariDataSource       : HikariPool-1 - Shutdown completed.
